<?xml version="1.0" encoding="UTF-8"?>
<testng-results ignored="0" total="3" passed="2" failed="1" skipped="0">
  <reporter-output>
  </reporter-output>
  <suite started-at="2020-11-07T15:29:26 GMT" name="Suite" finished-at="2020-11-07T15:29:34 GMT" duration-ms="8414">
    <groups>
    </groups>
    <test started-at="2020-11-07T15:29:26 GMT" name="nav test" finished-at="2020-11-07T15:29:32 GMT" duration-ms="6303">
      <class name="jkjtf.ValidateNavBar">
        <test-method is-config="true" signature="initialize()[pri:0, instance:jkjtf.ValidateNavBar@62ea3440]" started-at="2020-11-07T15:29:26 GMT" name="initialize" finished-at="2020-11-07T15:29:31 GMT" duration-ms="5245" status="PASS">
          <reporter-output>
          </reporter-output>
        </test-method> <!-- initialize -->
        <test-method signature="navigationBar()[pri:0, instance:jkjtf.ValidateNavBar@62ea3440]" started-at="2020-11-07T15:29:31 GMT" name="navigationBar" finished-at="2020-11-07T15:29:31 GMT" duration-ms="60" status="FAIL">
          <exception class="java.lang.AssertionError">
            <full-stacktrace>
              <![CDATA[java.lang.AssertionError
at org.junit.Assert.fail(Assert.java:86)
at org.junit.Assert.assertTrue(Assert.java:41)
at org.junit.Assert.assertFalse(Assert.java:64)
at org.junit.Assert.assertFalse(Assert.java:74)
at jkjtf.ValidateNavBar.navigationBar(ValidateNavBar.java:33)
at java.base/jdk.internal.reflect.NativeMethodAccessorImpl.invoke0(Native Method)
at java.base/jdk.internal.reflect.NativeMethodAccessorImpl.invoke(NativeMethodAccessorImpl.java:64)
at java.base/jdk.internal.reflect.DelegatingMethodAccessorImpl.invoke(DelegatingMethodAccessorImpl.java:43)
at java.base/java.lang.reflect.Method.invoke(Method.java:564)
at org.testng.internal.MethodInvocationHelper.invokeMethod(MethodInvocationHelper.java:132)
at org.testng.internal.TestInvoker.invokeMethod(TestInvoker.java:599)
at org.testng.internal.TestInvoker.invokeTestMethod(TestInvoker.java:174)
at org.testng.internal.MethodRunner.runInSequence(MethodRunner.java:46)
at org.testng.internal.TestInvoker$MethodInvocationAgent.invoke(TestInvoker.java:822)
at org.testng.internal.TestInvoker.invokeTestMethods(TestInvoker.java:147)
at org.testng.internal.TestMethodWorker.invokeTestMethods(TestMethodWorker.java:146)
at org.testng.internal.TestMethodWorker.run(TestMethodWorker.java:128)
at java.base/java.util.ArrayList.forEach(ArrayList.java:1511)
at org.testng.TestRunner.privateRun(TestRunner.java:764)
at org.testng.TestRunner.run(TestRunner.java:585)
at org.testng.SuiteRunner.runTest(SuiteRunner.java:384)
at org.testng.SuiteRunner.access$000(SuiteRunner.java:28)
at org.testng.SuiteRunner$SuiteWorker.run(SuiteRunner.java:425)
at org.testng.internal.thread.ThreadUtil.lambda$execute$0(ThreadUtil.java:66)
at java.base/java.util.concurrent.FutureTask.run(FutureTask.java:264)
at java.base/java.util.concurrent.ThreadPoolExecutor.runWorker(ThreadPoolExecutor.java:1130)
at java.base/java.util.concurrent.ThreadPoolExecutor$Worker.run(ThreadPoolExecutor.java:630)
at java.base/java.lang.Thread.run(Thread.java:832)
]]>
            </full-stacktrace>
          </exception> <!-- java.lang.AssertionError -->
          <reporter-output>
          </reporter-output>
        </test-method> <!-- navigationBar -->
        <test-method is-config="true" signature="tearDown()[pri:0, instance:jkjtf.ValidateNavBar@62ea3440]" started-at="2020-11-07T15:29:32 GMT" name="tearDown" finished-at="2020-11-07T15:29:32 GMT" duration-ms="59" status="PASS">
          <reporter-output>
          </reporter-output>
        </test-method> <!-- tearDown -->
      </class> <!-- jkjtf.ValidateNavBar -->
    </test> <!-- nav test -->
    <test started-at="2020-11-07T15:29:26 GMT" name="homepage test" finished-at="2020-11-07T15:29:34 GMT" duration-ms="8414">
      <class name="jkjtf.HomePage">
        <test-method is-config="true" signature="initialize()[pri:0, instance:jkjtf.HomePage@2e11485]" started-at="2020-11-07T15:29:26 GMT" name="initialize" finished-at="2020-11-07T15:29:28 GMT" duration-ms="2711" status="PASS">
          <reporter-output>
          </reporter-output>
        </test-method> <!-- initialize -->
        <test-method signature="basePageNavigation(java.lang.String, java.lang.String)[pri:0, instance:jkjtf.HomePage@2e11485]" started-at="2020-11-07T15:29:28 GMT" name="basePageNavigation" data-provider="getData" finished-at="2020-11-07T15:29:33 GMT" duration-ms="4120" status="PASS">
          <params>
            <param index="0">
              <value>
                <![CDATA[jay@gmail.com]]>
              </value>
            </param>
            <param index="1">
              <value>
                <![CDATA[12345]]>
              </value>
            </param>
          </params>
          <reporter-output>
          </reporter-output>
        </test-method> <!-- basePageNavigation -->
        <test-method signature="basePageNavigation(java.lang.String, java.lang.String)[pri:0, instance:jkjtf.HomePage@2e11485]" started-at="2020-11-07T15:29:33 GMT" name="basePageNavigation" data-provider="getData" finished-at="2020-11-07T15:29:34 GMT" duration-ms="1493" status="PASS">
          <params>
            <param index="0">
              <value>
                <![CDATA[kumar@gmail.com]]>
              </value>
            </param>
            <param index="1">
              <value>
                <![CDATA[12345]]>
              </value>
            </param>
          </params>
          <reporter-output>
          </reporter-output>
        </test-method> <!-- basePageNavigation -->
        <test-method is-config="true" signature="tearDown()[pri:0, instance:jkjtf.HomePage@2e11485]" started-at="2020-11-07T15:29:34 GMT" name="tearDown" finished-at="2020-11-07T15:29:34 GMT" duration-ms="58" status="PASS">
          <reporter-output>
          </reporter-output>
        </test-method> <!-- tearDown -->
      </class> <!-- jkjtf.HomePage -->
    </test> <!-- homepage test -->
  </suite> <!-- Suite -->
</testng-results>
